Analysis & Synthesis report for calculator2
Mon Oct 30 15:21:13 2023
Quartus Prime Version 18.1.0 Build 625 09/12/2018 SJ Standard Edition


---------------------
; Table of Contents ;
---------------------
  1. Legal Notice
  2. Analysis & Synthesis Summary
  3. Analysis & Synthesis Settings
  4. Parallel Compilation
  5. Analysis & Synthesis Source Files Read
  6. Analysis & Synthesis Resource Usage Summary
  7. Analysis & Synthesis Resource Utilization by Entity
  8. State Machine - |calculator2|pres_state
  9. User-Specified and Inferred Latches
 10. General Register Statistics
 11. Inverted Register Statistics
 12. Multiplexer Restructuring Statistics (Restructuring Performed)
 13. Port Connectivity Checks: "double_dabble:dd"
 14. Post-Synthesis Netlist Statistics for Top Partition
 15. Elapsed Time Per Partition
 16. Analysis & Synthesis Messages



----------------
; Legal Notice ;
----------------
Copyright (C) 2018  Intel Corporation. All rights reserved.
Your use of Intel Corporation's design tools, logic functions 
and other software and tools, and its AMPP partner logic 
functions, and any output files from any of the foregoing 
(including device programming or simulation files), and any 
associated documentation or information are expressly subject 
to the terms and conditions of the Intel Program License 
Subscription Agreement, the Intel Quartus Prime License Agreement,
the Intel FPGA IP License Agreement, or other applicable license
agreement, including, without limitation, that your use is for
the sole purpose of programming logic devices manufactured by
Intel and sold by Intel or its authorized distributors.  Please
refer to the applicable agreement for further details.



+-----------------------------------------------------------------------------------+
; Analysis & Synthesis Summary                                                      ;
+---------------------------------+-------------------------------------------------+
; Analysis & Synthesis Status     ; Successful - Mon Oct 30 15:21:13 2023           ;
; Quartus Prime Version           ; 18.1.0 Build 625 09/12/2018 SJ Standard Edition ;
; Revision Name                   ; calculator2                                     ;
; Top-level Entity Name           ; calculator2                                     ;
; Family                          ; Cyclone V                                       ;
; Logic utilization (in ALMs)     ; N/A                                             ;
; Total registers                 ; 37                                              ;
; Total pins                      ; 36                                              ;
; Total virtual pins              ; 0                                               ;
; Total block memory bits         ; 0                                               ;
; Total DSP Blocks                ; 0                                               ;
; Total HSSI RX PCSs              ; 0                                               ;
; Total HSSI PMA RX Deserializers ; 0                                               ;
; Total HSSI TX PCSs              ; 0                                               ;
; Total HSSI PMA TX Serializers   ; 0                                               ;
; Total PLLs                      ; 0                                               ;
; Total DLLs                      ; 0                                               ;
+---------------------------------+-------------------------------------------------+


+---------------------------------------------------------------------------------------------------------------------------+
; Analysis & Synthesis Settings                                                                                             ;
+---------------------------------------------------------------------------------+--------------------+--------------------+
; Option                                                                          ; Setting            ; Default Value      ;
+---------------------------------------------------------------------------------+--------------------+--------------------+
; Device                                                                          ; 5CSEMA5F31C6       ;                    ;
; Top-level entity name                                                           ; calculator2        ; calculator2        ;
; Family name                                                                     ; Cyclone V          ; Cyclone V          ;
; Use smart compilation                                                           ; Off                ; Off                ;
; Enable parallel Assembler and Timing Analyzer during compilation                ; On                 ; On                 ;
; Enable compact report table                                                     ; Off                ; Off                ;
; Restructure Multiplexers                                                        ; Auto               ; Auto               ;
; MLAB Add Timing Constraints For Mixed-Port Feed-Through Mode Setting Don't Care ; Off                ; Off                ;
; Create Debugging Nodes for IP Cores                                             ; Off                ; Off                ;
; Preserve fewer node names                                                       ; On                 ; On                 ;
; Intel FPGA IP Evaluation Mode                                                   ; Enable             ; Enable             ;
; Verilog Version                                                                 ; Verilog_2001       ; Verilog_2001       ;
; VHDL Version                                                                    ; VHDL_1993          ; VHDL_1993          ;
; State Machine Processing                                                        ; Auto               ; Auto               ;
; Safe State Machine                                                              ; Off                ; Off                ;
; Extract Verilog State Machines                                                  ; On                 ; On                 ;
; Extract VHDL State Machines                                                     ; On                 ; On                 ;
; Ignore Verilog initial constructs                                               ; Off                ; Off                ;
; Iteration limit for constant Verilog loops                                      ; 5000               ; 5000               ;
; Iteration limit for non-constant Verilog loops                                  ; 250                ; 250                ;
; Add Pass-Through Logic to Inferred RAMs                                         ; On                 ; On                 ;
; Infer RAMs from Raw Logic                                                       ; On                 ; On                 ;
; Parallel Synthesis                                                              ; On                 ; On                 ;
; DSP Block Balancing                                                             ; Auto               ; Auto               ;
; NOT Gate Push-Back                                                              ; On                 ; On                 ;
; Power-Up Don't Care                                                             ; On                 ; On                 ;
; Remove Redundant Logic Cells                                                    ; Off                ; Off                ;
; Remove Duplicate Registers                                                      ; On                 ; On                 ;
; Ignore CARRY Buffers                                                            ; Off                ; Off                ;
; Ignore CASCADE Buffers                                                          ; Off                ; Off                ;
; Ignore GLOBAL Buffers                                                           ; Off                ; Off                ;
; Ignore ROW GLOBAL Buffers                                                       ; Off                ; Off                ;
; Ignore LCELL Buffers                                                            ; Off                ; Off                ;
; Ignore SOFT Buffers                                                             ; On                 ; On                 ;
; Limit AHDL Integers to 32 Bits                                                  ; Off                ; Off                ;
; Optimization Technique                                                          ; Balanced           ; Balanced           ;
; Carry Chain Length                                                              ; 70                 ; 70                 ;
; Auto Carry Chains                                                               ; On                 ; On                 ;
; Auto Open-Drain Pins                                                            ; On                 ; On                 ;
; Perform WYSIWYG Primitive Resynthesis                                           ; Off                ; Off                ;
; Auto ROM Replacement                                                            ; On                 ; On                 ;
; Auto RAM Replacement                                                            ; On                 ; On                 ;
; Auto DSP Block Replacement                                                      ; On                 ; On                 ;
; Auto Shift Register Replacement                                                 ; Auto               ; Auto               ;
; Allow Shift Register Merging across Hierarchies                                 ; Auto               ; Auto               ;
; Auto Clock Enable Replacement                                                   ; On                 ; On                 ;
; Strict RAM Replacement                                                          ; Off                ; Off                ;
; Allow Synchronous Control Signals                                               ; On                 ; On                 ;
; Force Use of Synchronous Clear Signals                                          ; Off                ; Off                ;
; Auto Resource Sharing                                                           ; Off                ; Off                ;
; Allow Any RAM Size For Recognition                                              ; Off                ; Off                ;
; Allow Any ROM Size For Recognition                                              ; Off                ; Off                ;
; Allow Any Shift Register Size For Recognition                                   ; Off                ; Off                ;
; Use LogicLock Constraints during Resource Balancing                             ; On                 ; On                 ;
; Ignore translate_off and synthesis_off directives                               ; Off                ; Off                ;
; Timing-Driven Synthesis                                                         ; On                 ; On                 ;
; Report Parameter Settings                                                       ; On                 ; On                 ;
; Report Source Assignments                                                       ; On                 ; On                 ;
; Report Connectivity Checks                                                      ; On                 ; On                 ;
; Ignore Maximum Fan-Out Assignments                                              ; Off                ; Off                ;
; Synchronization Register Chain Length                                           ; 3                  ; 3                  ;
; Power Optimization During Synthesis                                             ; Normal compilation ; Normal compilation ;
; HDL message level                                                               ; Level2             ; Level2             ;
; Suppress Register Optimization Related Messages                                 ; Off                ; Off                ;
; Number of Removed Registers Reported in Synthesis Report                        ; 5000               ; 5000               ;
; Number of Swept Nodes Reported in Synthesis Report                              ; 5000               ; 5000               ;
; Number of Inverted Registers Reported in Synthesis Report                       ; 100                ; 100                ;
; Clock MUX Protection                                                            ; On                 ; On                 ;
; Auto Gated Clock Conversion                                                     ; Off                ; Off                ;
; Block Design Naming                                                             ; Auto               ; Auto               ;
; SDC constraint protection                                                       ; Off                ; Off                ;
; Synthesis Effort                                                                ; Auto               ; Auto               ;
; Shift Register Replacement - Allow Asynchronous Clear Signal                    ; On                 ; On                 ;
; Pre-Mapping Resynthesis Optimization                                            ; Off                ; Off                ;
; Analysis & Synthesis Message Level                                              ; Medium             ; Medium             ;
; Disable Register Merging Across Hierarchies                                     ; Auto               ; Auto               ;
; Resource Aware Inference For Block RAM                                          ; On                 ; On                 ;
; Automatic Parallel Synthesis                                                    ; On                 ; On                 ;
; Partial Reconfiguration Bitstream ID                                            ; Off                ; Off                ;
+---------------------------------------------------------------------------------+--------------------+--------------------+


+------------------------------------------+
; Parallel Compilation                     ;
+----------------------------+-------------+
; Processors                 ; Number      ;
+----------------------------+-------------+
; Number detected on machine ; 20          ;
; Maximum allowed            ; 10          ;
;                            ;             ;
; Average used               ; 1.00        ;
; Maximum used               ; 10          ;
;                            ;             ;
; Usage by Processor         ; % Time Used ;
;     Processor 1            ; 100.0%      ;
;     Processors 2-10        ;   0.0%      ;
+----------------------------+-------------+


+-----------------------------------------------------------------------------------------------------------------------------------------------------------------+
; Analysis & Synthesis Source Files Read                                                                                                                          ;
+-----------------------------------------------+-----------------+-----------------+-------------------------------------------------------------------+---------+
; File Name with User-Entered Path              ; Used in Netlist ; File Type       ; File Name with Absolute Path                                      ; Library ;
+-----------------------------------------------+-----------------+-----------------+-------------------------------------------------------------------+---------+
; ../../src/calculator2.vhd                     ; yes             ; User VHDL File  ; C:/Users/mas1850/hdl/lab5/src/calculator2.vhd                     ;         ;
; ../../src/rising_edge_synchronizer.vhd        ; yes             ; User VHDL File  ; C:/Users/mas1850/hdl/lab5/src/rising_edge_synchronizer.vhd        ;         ;
; ../../src/seven_seg.vhd                       ; yes             ; User VHDL File  ; C:/Users/mas1850/hdl/lab5/src/seven_seg.vhd                       ;         ;
; ../../src/synchronizer_8bit.vhd               ; yes             ; User VHDL File  ; C:/Users/mas1850/hdl/lab5/src/synchronizer_8bit.vhd               ;         ;
; ../../src/double_dabble/src/double_dabble.vhd ; yes             ; User VHDL File  ; C:/Users/mas1850/hdl/lab5/src/double_dabble/src/double_dabble.vhd ;         ;
+-----------------------------------------------+-----------------+-----------------+-------------------------------------------------------------------+---------+


+-----------------------------------------------------------+
; Analysis & Synthesis Resource Usage Summary               ;
+---------------------------------------------+-------------+
; Resource                                    ; Usage       ;
+---------------------------------------------+-------------+
; Estimate of Logic utilization (ALMs needed) ; 60          ;
;                                             ;             ;
; Combinational ALUT usage for logic          ; 86          ;
;     -- 7 input functions                    ; 0           ;
;     -- 6 input functions                    ; 30          ;
;     -- 5 input functions                    ; 9           ;
;     -- 4 input functions                    ; 19          ;
;     -- <=3 input functions                  ; 28          ;
;                                             ;             ;
; Dedicated logic registers                   ; 37          ;
;                                             ;             ;
; I/O pins                                    ; 36          ;
;                                             ;             ;
; Total DSP Blocks                            ; 0           ;
;                                             ;             ;
; Maximum fan-out node                        ; reset~input ;
; Maximum fan-out                             ; 40          ;
; Total fan-out                               ; 529         ;
; Average fan-out                             ; 2.71        ;
+---------------------------------------------+-------------+


+--------------------------------------------------------------------------------------------------------------------------------------------------------------------------------------------------------------------------------------------------+
; Analysis & Synthesis Resource Utilization by Entity                                                                                                                                                                                              ;
+-------------------------------------------+---------------------+---------------------------+-------------------+------------+------+--------------+---------------------------------------------------+--------------------------+--------------+
; Compilation Hierarchy Node                ; Combinational ALUTs ; Dedicated Logic Registers ; Block Memory Bits ; DSP Blocks ; Pins ; Virtual Pins ; Full Hierarchy Name                               ; Entity Name              ; Library Name ;
+-------------------------------------------+---------------------+---------------------------+-------------------+------------+------+--------------+---------------------------------------------------+--------------------------+--------------+
; |calculator2                              ; 86 (51)             ; 37 (17)                   ; 0                 ; 0          ; 36   ; 0            ; |calculator2                                      ; calculator2              ; work         ;
;    |double_dabble:dd|                     ; 12 (12)             ; 0 (0)                     ; 0                 ; 0          ; 0    ; 0            ; |calculator2|double_dabble:dd                     ; double_dabble            ; work         ;
;    |rising_edge_synchronizer:sync_button| ; 2 (2)               ; 4 (4)                     ; 0                 ; 0          ; 0    ; 0            ; |calculator2|rising_edge_synchronizer:sync_button ; rising_edge_synchronizer ; work         ;
;    |seven_seg:display_hundreds|           ; 7 (7)               ; 0 (0)                     ; 0                 ; 0          ; 0    ; 0            ; |calculator2|seven_seg:display_hundreds           ; seven_seg                ; work         ;
;    |seven_seg:display_ones|               ; 7 (7)               ; 0 (0)                     ; 0                 ; 0          ; 0    ; 0            ; |calculator2|seven_seg:display_ones               ; seven_seg                ; work         ;
;    |seven_seg:display_tens|               ; 7 (7)               ; 0 (0)                     ; 0                 ; 0          ; 0    ; 0            ; |calculator2|seven_seg:display_tens               ; seven_seg                ; work         ;
;    |synchronizer_8bit:sync_input|         ; 0 (0)               ; 16 (16)                   ; 0                 ; 0          ; 0    ; 0            ; |calculator2|synchronizer_8bit:sync_input         ; synchronizer_8bit        ; work         ;
+-------------------------------------------+---------------------+---------------------------+-------------------+------------+------+--------------+---------------------------------------------------+--------------------------+--------------+
Note: For table entries with two numbers listed, the numbers in parentheses indicate the number of resources of the given type used by the specific entity alone. The numbers listed outside of parentheses indicate the total resources of the given type used by the specific entity and all of its sub-entities in the hierarchy.


Encoding Type:  One-Hot
+-------------------------------------------------------------------------------------------------+
; State Machine - |calculator2|pres_state                                                         ;
+--------------------+-----------------+----------------+--------------------+--------------------+
; Name               ; pres_state.DIFF ; pres_state.SUM ; pres_state.INPUT_B ; pres_state.INPUT_A ;
+--------------------+-----------------+----------------+--------------------+--------------------+
; pres_state.INPUT_A ; 0               ; 0              ; 0                  ; 0                  ;
; pres_state.INPUT_B ; 0               ; 0              ; 1                  ; 1                  ;
; pres_state.SUM     ; 0               ; 1              ; 0                  ; 1                  ;
; pres_state.DIFF    ; 1               ; 0              ; 0                  ; 1                  ;
+--------------------+-----------------+----------------+--------------------+--------------------+


+--------------------------------------------------------------------------------------------------------------------------+
; User-Specified and Inferred Latches                                                                                      ;
+-----------------------------------------------------+-------------------------------------------+------------------------+
; Latch Name                                          ; Latch Enable Signal                       ; Free of Timing Hazards ;
+-----------------------------------------------------+-------------------------------------------+------------------------+
; in_a[7]                                             ; pres_state.INPUT_A                        ; yes                    ;
; in_b[7]                                             ; pres_state.INPUT_B                        ; yes                    ;
; in_a[6]                                             ; pres_state.INPUT_A                        ; yes                    ;
; in_b[6]                                             ; pres_state.INPUT_B                        ; yes                    ;
; in_a[5]                                             ; pres_state.INPUT_A                        ; yes                    ;
; in_b[5]                                             ; pres_state.INPUT_B                        ; yes                    ;
; in_a[4]                                             ; pres_state.INPUT_A                        ; yes                    ;
; in_b[4]                                             ; pres_state.INPUT_B                        ; yes                    ;
; in_a[3]                                             ; pres_state.INPUT_A                        ; yes                    ;
; in_b[3]                                             ; pres_state.INPUT_B                        ; yes                    ;
; in_a[2]                                             ; pres_state.INPUT_A                        ; yes                    ;
; in_b[2]                                             ; pres_state.INPUT_B                        ; yes                    ;
; in_a[1]                                             ; pres_state.INPUT_A                        ; yes                    ;
; in_b[1]                                             ; pres_state.INPUT_B                        ; yes                    ;
; in_a[0]                                             ; pres_state.INPUT_A                        ; yes                    ;
; in_b[0]                                             ; pres_state.INPUT_B                        ; yes                    ;
; next_state.DIFF_381                                 ; rising_edge_synchronizer:sync_button|edge ; yes                    ;
; next_state.SUM_393                                  ; rising_edge_synchronizer:sync_button|edge ; yes                    ;
; next_state.INPUT_B_405                              ; rising_edge_synchronizer:sync_button|edge ; yes                    ;
; next_state.INPUT_A_417                              ; rising_edge_synchronizer:sync_button|edge ; yes                    ;
; Number of user-specified and inferred latches = 20  ;                                           ;                        ;
+-----------------------------------------------------+-------------------------------------------+------------------------+
Note: All latches listed above may not be present at the end of synthesis due to various synthesis optimizations.


+------------------------------------------------------+
; General Register Statistics                          ;
+----------------------------------------------+-------+
; Statistic                                    ; Value ;
+----------------------------------------------+-------+
; Total registers                              ; 37    ;
; Number of registers using Synchronous Clear  ; 0     ;
; Number of registers using Synchronous Load   ; 0     ;
; Number of registers using Asynchronous Clear ; 24    ;
; Number of registers using Asynchronous Load  ; 0     ;
; Number of registers using Clock Enable       ; 0     ;
; Number of registers using Preset             ; 0     ;
+----------------------------------------------+-------+


+----------------------------------------------------------+
; Inverted Register Statistics                             ;
+------------------------------------------------+---------+
; Inverted Register                              ; Fan out ;
+------------------------------------------------+---------+
; rising_edge_synchronizer:sync_button|input_zz  ; 2       ;
; rising_edge_synchronizer:sync_button|input_zzz ; 1       ;
; rising_edge_synchronizer:sync_button|input_z   ; 1       ;
; Total number of inverted registers = 3         ;         ;
+------------------------------------------------+---------+


+--------------------------------------------------------------------------------------------------------------------------------------------------------------------+
; Multiplexer Restructuring Statistics (Restructuring Performed)                                                                                                     ;
+--------------------+-----------+---------------+----------------------+------------------------+------------+------------------------------------------------------+
; Multiplexer Inputs ; Bus Width ; Baseline Area ; Area if Restructured ; Saving if Restructured ; Registered ; Example Multiplexer Output                           ;
+--------------------+-----------+---------------+----------------------+------------------------+------------+------------------------------------------------------+
; 4:1                ; 8 bits    ; 16 LEs        ; 16 LEs               ; 0 LEs                  ; Yes        ; |calculator2|res[7]                                  ;
; 16:1               ; 2 bits    ; 20 LEs        ; 16 LEs               ; 4 LEs                  ; No         ; |calculator2|seven_seg:display_tens|seven_seg_out[4] ;
; 16:1               ; 2 bits    ; 20 LEs        ; 16 LEs               ; 4 LEs                  ; No         ; |calculator2|seven_seg:display_ones|seven_seg_out[4] ;
+--------------------+-----------+---------------+----------------------+------------------------+------------+------------------------------------------------------+


+--------------------------------------------------------+
; Port Connectivity Checks: "double_dabble:dd"           ;
+----------------------+-------+----------+--------------+
; Port                 ; Type  ; Severity ; Details      ;
+----------------------+-------+----------+--------------+
; result_padded[11..9] ; Input ; Info     ; Stuck at GND ;
+----------------------+-------+----------+--------------+


+-----------------------------------------------------+
; Post-Synthesis Netlist Statistics for Top Partition ;
+-----------------------+-----------------------------+
; Type                  ; Count                       ;
+-----------------------+-----------------------------+
; arriav_ff             ; 37                          ;
;     CLR               ; 24                          ;
;     plain             ; 13                          ;
; arriav_lcell_comb     ; 90                          ;
;     arith             ; 9                           ;
;         0 data inputs ; 1                           ;
;         2 data inputs ; 8                           ;
;     normal            ; 72                          ;
;         1 data inputs ; 7                           ;
;         2 data inputs ; 3                           ;
;         3 data inputs ; 4                           ;
;         4 data inputs ; 19                          ;
;         5 data inputs ; 9                           ;
;         6 data inputs ; 30                          ;
;     shared            ; 9                           ;
;         0 data inputs ; 1                           ;
;         2 data inputs ; 8                           ;
; boundary_port         ; 36                          ;
;                       ;                             ;
; Max LUT depth         ; 4.00                        ;
; Average LUT depth     ; 2.01                        ;
+-----------------------+-----------------------------+


+-------------------------------+
; Elapsed Time Per Partition    ;
+----------------+--------------+
; Partition Name ; Elapsed Time ;
+----------------+--------------+
; Top            ; 00:00:01     ;
+----------------+--------------+


+-------------------------------+
; Analysis & Synthesis Messages ;
+-------------------------------+
Info: *******************************************************************
Info: Running Quartus Prime Analysis & Synthesis
    Info: Version 18.1.0 Build 625 09/12/2018 SJ Standard Edition
    Info: Processing started: Mon Oct 30 15:21:04 2023
Info: Command: quartus_map --read_settings_files=on --write_settings_files=off calculator2 -c calculator2
Warning (18236): Number of processors has not been specified which may cause overloading on shared machines.  Set the global assignment NUM_PARALLEL_PROCESSORS in your QSF to an appropriate value for best performance.
Info (20030): Parallel compilation is enabled and will use 10 of the 10 processors detected
Info (12021): Found 2 design units, including 1 entities, in source file /users/mas1850/hdl/lab5/src/calculator2.vhd
    Info (12022): Found design unit 1: calculator2-beh File: C:/Users/mas1850/hdl/lab5/src/calculator2.vhd Line: 23
    Info (12023): Found entity 1: calculator2 File: C:/Users/mas1850/hdl/lab5/src/calculator2.vhd Line: 10
Info (12021): Found 2 design units, including 1 entities, in source file /users/mas1850/hdl/lab5/src/rising_edge_synchronizer.vhd
    Info (12022): Found design unit 1: rising_edge_synchronizer-beh File: C:/Users/mas1850/hdl/lab5/src/rising_edge_synchronizer.vhd Line: 17
    Info (12023): Found entity 1: rising_edge_synchronizer File: C:/Users/mas1850/hdl/lab5/src/rising_edge_synchronizer.vhd Line: 8
Info (12021): Found 2 design units, including 1 entities, in source file /users/mas1850/hdl/lab5/src/seven_seg.vhd
    Info (12022): Found design unit 1: seven_seg-beh File: C:/Users/mas1850/hdl/lab5/src/seven_seg.vhd Line: 16
    Info (12023): Found entity 1: seven_seg File: C:/Users/mas1850/hdl/lab5/src/seven_seg.vhd Line: 9
Info (12021): Found 2 design units, including 1 entities, in source file /users/mas1850/hdl/lab5/src/synchronizer_8bit.vhd
    Info (12022): Found design unit 1: synchronizer_8bit-beh File: C:/Users/mas1850/hdl/lab5/src/synchronizer_8bit.vhd Line: 17
    Info (12023): Found entity 1: synchronizer_8bit File: C:/Users/mas1850/hdl/lab5/src/synchronizer_8bit.vhd Line: 8
Info (12021): Found 2 design units, including 1 entities, in source file /users/mas1850/hdl/lab5/src/double_dabble/src/double_dabble.vhd
    Info (12022): Found design unit 1: double_dabble-beh File: C:/Users/mas1850/hdl/lab5/src/double_dabble/src/double_dabble.vhd Line: 18
    Info (12023): Found entity 1: double_dabble File: C:/Users/mas1850/hdl/lab5/src/double_dabble/src/double_dabble.vhd Line: 9
Info (12127): Elaborating entity "calculator2" for the top level hierarchy
Warning (10631): VHDL Process Statement warning at calculator2.vhd(103): inferring latch(es) for signal or variable "next_state", which holds its previous value in one or more paths through the process File: C:/Users/mas1850/hdl/lab5/src/calculator2.vhd Line: 103
Warning (10492): VHDL Process Statement warning at calculator2.vhd(131): signal "reset" is read inside the Process Statement but isn't in the Process Statement's sensitivity list File: C:/Users/mas1850/hdl/lab5/src/calculator2.vhd Line: 131
Warning (10492): VHDL Process Statement warning at calculator2.vhd(134): signal "pres_state" is read inside the Process Statement but isn't in the Process Statement's sensitivity list File: C:/Users/mas1850/hdl/lab5/src/calculator2.vhd Line: 134
Warning (10492): VHDL Process Statement warning at calculator2.vhd(135): signal "in_sync" is read inside the Process Statement but isn't in the Process Statement's sensitivity list File: C:/Users/mas1850/hdl/lab5/src/calculator2.vhd Line: 135
Warning (10492): VHDL Process Statement warning at calculator2.vhd(136): signal "pres_state" is read inside the Process Statement but isn't in the Process Statement's sensitivity list File: C:/Users/mas1850/hdl/lab5/src/calculator2.vhd Line: 136
Warning (10492): VHDL Process Statement warning at calculator2.vhd(137): signal "in_sync" is read inside the Process Statement but isn't in the Process Statement's sensitivity list File: C:/Users/mas1850/hdl/lab5/src/calculator2.vhd Line: 137
Warning (10631): VHDL Process Statement warning at calculator2.vhd(129): inferring latch(es) for signal or variable "in_a", which holds its previous value in one or more paths through the process File: C:/Users/mas1850/hdl/lab5/src/calculator2.vhd Line: 129
Warning (10631): VHDL Process Statement warning at calculator2.vhd(129): inferring latch(es) for signal or variable "in_b", which holds its previous value in one or more paths through the process File: C:/Users/mas1850/hdl/lab5/src/calculator2.vhd Line: 129
Info (10041): Inferred latch for "in_b[0]" at calculator2.vhd(129) File: C:/Users/mas1850/hdl/lab5/src/calculator2.vhd Line: 129
Info (10041): Inferred latch for "in_b[1]" at calculator2.vhd(129) File: C:/Users/mas1850/hdl/lab5/src/calculator2.vhd Line: 129
Info (10041): Inferred latch for "in_b[2]" at calculator2.vhd(129) File: C:/Users/mas1850/hdl/lab5/src/calculator2.vhd Line: 129
Info (10041): Inferred latch for "in_b[3]" at calculator2.vhd(129) File: C:/Users/mas1850/hdl/lab5/src/calculator2.vhd Line: 129
Info (10041): Inferred latch for "in_b[4]" at calculator2.vhd(129) File: C:/Users/mas1850/hdl/lab5/src/calculator2.vhd Line: 129
Info (10041): Inferred latch for "in_b[5]" at calculator2.vhd(129) File: C:/Users/mas1850/hdl/lab5/src/calculator2.vhd Line: 129
Info (10041): Inferred latch for "in_b[6]" at calculator2.vhd(129) File: C:/Users/mas1850/hdl/lab5/src/calculator2.vhd Line: 129
Info (10041): Inferred latch for "in_b[7]" at calculator2.vhd(129) File: C:/Users/mas1850/hdl/lab5/src/calculator2.vhd Line: 129
Info (10041): Inferred latch for "in_a[0]" at calculator2.vhd(129) File: C:/Users/mas1850/hdl/lab5/src/calculator2.vhd Line: 129
Info (10041): Inferred latch for "in_a[1]" at calculator2.vhd(129) File: C:/Users/mas1850/hdl/lab5/src/calculator2.vhd Line: 129
Info (10041): Inferred latch for "in_a[2]" at calculator2.vhd(129) File: C:/Users/mas1850/hdl/lab5/src/calculator2.vhd Line: 129
Info (10041): Inferred latch for "in_a[3]" at calculator2.vhd(129) File: C:/Users/mas1850/hdl/lab5/src/calculator2.vhd Line: 129
Info (10041): Inferred latch for "in_a[4]" at calculator2.vhd(129) File: C:/Users/mas1850/hdl/lab5/src/calculator2.vhd Line: 129
Info (10041): Inferred latch for "in_a[5]" at calculator2.vhd(129) File: C:/Users/mas1850/hdl/lab5/src/calculator2.vhd Line: 129
Info (10041): Inferred latch for "in_a[6]" at calculator2.vhd(129) File: C:/Users/mas1850/hdl/lab5/src/calculator2.vhd Line: 129
Info (10041): Inferred latch for "in_a[7]" at calculator2.vhd(129) File: C:/Users/mas1850/hdl/lab5/src/calculator2.vhd Line: 129
Info (10041): Inferred latch for "next_state.DIFF" at calculator2.vhd(103) File: C:/Users/mas1850/hdl/lab5/src/calculator2.vhd Line: 103
Info (10041): Inferred latch for "next_state.SUM" at calculator2.vhd(103) File: C:/Users/mas1850/hdl/lab5/src/calculator2.vhd Line: 103
Info (10041): Inferred latch for "next_state.INPUT_B" at calculator2.vhd(103) File: C:/Users/mas1850/hdl/lab5/src/calculator2.vhd Line: 103
Info (10041): Inferred latch for "next_state.INPUT_A" at calculator2.vhd(103) File: C:/Users/mas1850/hdl/lab5/src/calculator2.vhd Line: 103
Info (12128): Elaborating entity "synchronizer_8bit" for hierarchy "synchronizer_8bit:sync_input" File: C:/Users/mas1850/hdl/lab5/src/calculator2.vhd Line: 77
Info (12128): Elaborating entity "rising_edge_synchronizer" for hierarchy "rising_edge_synchronizer:sync_button" File: C:/Users/mas1850/hdl/lab5/src/calculator2.vhd Line: 85
Info (12128): Elaborating entity "double_dabble" for hierarchy "double_dabble:dd" File: C:/Users/mas1850/hdl/lab5/src/calculator2.vhd Line: 187
Info (12128): Elaborating entity "seven_seg" for hierarchy "seven_seg:display_hundreds" File: C:/Users/mas1850/hdl/lab5/src/calculator2.vhd Line: 195
Info (286030): Timing-Driven Synthesis is running
Info (16010): Generating hard_block partition "hard_block:auto_generated_inst"
    Info (16011): Adding 0 node(s), including 0 DDIO, 0 PLL, 0 transceiver and 0 LCELL
Info (21057): Implemented 146 device resources after synthesis - the final resource count might be different
    Info (21058): Implemented 11 input pins
    Info (21059): Implemented 25 output pins
    Info (21061): Implemented 110 logic cells
Info: Quartus Prime Analysis & Synthesis was successful. 0 errors, 9 warnings
    Info: Peak virtual memory: 4902 megabytes
    Info: Processing ended: Mon Oct 30 15:21:13 2023
    Info: Elapsed time: 00:00:09
    Info: Total CPU time (on all processors): 00:00:07


